<?xml version="1.0" encoding="UTF-8"?>
<testng-results skipped="0" failed="1" total="1" passed="0">
  <reporter-output>
  </reporter-output>
  <suite name="Default suite" duration-ms="49076" started-at="2016-09-17T07:40:55Z" finished-at="2016-09-17T07:41:44Z">
    <groups>
    </groups>
    <test name="Default test" duration-ms="49076" started-at="2016-09-17T07:40:55Z" finished-at="2016-09-17T07:41:44Z">
      <class name="com.learnautomation.selenium.DemoforMevan">
        <test-method status="FAIL" signature="login()[pri:0, instance:com.learnautomation.selenium.DemoforMevan@1565ec2]" name="login" duration-ms="49046" started-at="2016-09-17T13:10:55Z" finished-at="2016-09-17T13:11:44Z">
          <exception class="org.openqa.selenium.WebDriverException">
            <message>
              <![CDATA[Failed to connect to binary FirefoxBinary(C:\Program Files\Mozilla Firefox\firefox.exe) on port 7055; process output follows: 
essCompatible":false,"signedState":2,"seen":true}
1474098060610	addons.xpi	DEBUG	Updating XPIState for {"id":"{9F17B1A2-7317-49ef-BCB7-7BB47BDE10F8}","syncGUID":"U3GAb2ZzLKag","location":"winreg-app-global","version":"11.50","type":"extension","internalName":null,"updateURL":null,"updateKey":null,"optionsURL":null,"optionsType":null,"aboutURL":null,"icons":{},"iconURL":null,"icon64URL":null,"defaultLocale":{"name":"Unified Functional Testing Extension","description":"Enables HP Unified Functional Testing to work with Firefox.","creator":"Hewlett-Packard Development Company, L.P.","homepageURL":null},"visible":false,"active":false,"userDisabled":true,"appDisabled":true,"descriptor":"C:\\Program Files\\HP\\Unified Functional Testing\\\\bin\\Mozilla\\Common","installDate":1471588680883,"updateDate":1471588680883,"applyBackgroundUpdates":1,"bootstrap":false,"skinnable":false,"size":26827179,"sourceURI":null,"releaseNotesURI":null,"softDisabled":false,"foreignInstall":true,"hasBinaryComponents":true,"strictCompatibility":false,"locales":[],"targetApplications":[{"id":"{ec8030f7-c20a-464f-9b0e-13a3a9e97384}","minVersion":"3.0","maxVersion":"15.0.*"}],"targetPlatforms":[],"multiprocessCompatible":false,"signedState":0,"seen":true}
1474098060611	DeferredSave.extensions.json	DEBUG	Save changes
1474098060611	addons.xpi	DEBUG	Updating database with changes to installed add-ons
1474098060611	addons.xpi-utils	DEBUG	Updating add-on states
1474098060613	addons.xpi-utils	DEBUG	Writing add-ons list
1474098060619	addons.xpi	DEBUG	Registering manifest for C:\Program Files\Mozilla Firefox\browser\features\e10srollout@mozilla.org.xpi
1474098060620	addons.xpi	DEBUG	Calling bootstrap method startup on e10srollout@mozilla.org version 1.1
1474098060620	addons.xpi	DEBUG	Registering manifest for C:\Program Files\Mozilla Firefox\browser\features\firefox@getpocket.com.xpi
1474098060621	addons.xpi	DEBUG	Calling bootstrap method startup on firefox@getpocket.com version 1.0.4
1474098060622	addons.xpi	DEBUG	Registering manifest for C:\Program Files\Mozilla Firefox\browser\features\loop@mozilla.org.xpi
1474098060623	addons.xpi	DEBUG	Calling bootstrap method startup on loop@mozilla.org version 1.4.4
1474098060649	addons.manager	DEBUG	Registering shutdown blocker for XPIProvider
1474098060649	addons.manager	DEBUG	Provider finished startup: XPIProvider
1474098060649	addons.manager	DEBUG	Starting provider: LightweightThemeManager
1474098060650	addons.manager	DEBUG	Registering shutdown blocker for LightweightThemeManager
1474098060650	addons.manager	DEBUG	Provider finished startup: LightweightThemeManager
1474098060650	addons.manager	DEBUG	Starting provider: GMPProvider
1474098060659	addons.manager	DEBUG	Registering shutdown blocker for GMPProvider
1474098060659	addons.manager	DEBUG	Provider finished startup: GMPProvider
1474098060659	addons.manager	DEBUG	Starting provider: PluginProvider
1474098060660	addons.manager	DEBUG	Registering shutdown blocker for PluginProvider
1474098060660	addons.manager	DEBUG	Provider finished startup: PluginProvider
1474098060661	addons.manager	DEBUG	Completed startup sequence
1474098062269	addons.manager	DEBUG	Starting provider: <unnamed-provider>
1474098062269	addons.manager	DEBUG	Registering shutdown blocker for <unnamed-provider>
1474098062269	addons.manager	DEBUG	Provider finished startup: <unnamed-provider>
1474098062271	DeferredSave.extensions.json	DEBUG	Starting write
1474098062472	addons.repository	DEBUG	No addons.json found.
1474098062473	DeferredSave.addons.json	DEBUG	Save changes
1474098062478	DeferredSave.addons.json	DEBUG	Starting timer
1474098062532	addons.manager	DEBUG	Starting provider: PreviousExperimentProvider
1474098062532	addons.manager	DEBUG	Registering shutdown blocker for PreviousExperimentProvider
1474098062532	addons.manager	DEBUG	Provider finished startup: PreviousExperimentProvider
1474098062539	DeferredSave.extensions.json	DEBUG	Write succeeded
1474098062542	DeferredSave.addons.json	DEBUG	Starting write
1474098062745	DeferredSave.addons.json	DEBUG	Write succeeded

Build info: version: '2.47.1', revision: 'unknown', time: '2015-07-30 11:02:44'
System info: host: 'Sandeep', ip: '192.168.1.15', os.name: 'Windows 10', os.arch: 'x86', os.version: '10.0', java.version: '1.8.0_101'
Driver info: driver.version: FirefoxDriver]]>
            </message>
            <full-stacktrace>
              <![CDATA[org.openqa.selenium.WebDriverException: Failed to connect to binary FirefoxBinary(C:\Program Files\Mozilla Firefox\firefox.exe) on port 7055; process output follows: 
essCompatible":false,"signedState":2,"seen":true}
1474098060610	addons.xpi	DEBUG	Updating XPIState for {"id":"{9F17B1A2-7317-49ef-BCB7-7BB47BDE10F8}","syncGUID":"U3GAb2ZzLKag","location":"winreg-app-global","version":"11.50","type":"extension","internalName":null,"updateURL":null,"updateKey":null,"optionsURL":null,"optionsType":null,"aboutURL":null,"icons":{},"iconURL":null,"icon64URL":null,"defaultLocale":{"name":"Unified Functional Testing Extension","description":"Enables HP Unified Functional Testing to work with Firefox.","creator":"Hewlett-Packard Development Company, L.P.","homepageURL":null},"visible":false,"active":false,"userDisabled":true,"appDisabled":true,"descriptor":"C:\\Program Files\\HP\\Unified Functional Testing\\\\bin\\Mozilla\\Common","installDate":1471588680883,"updateDate":1471588680883,"applyBackgroundUpdates":1,"bootstrap":false,"skinnable":false,"size":26827179,"sourceURI":null,"releaseNotesURI":null,"softDisabled":false,"foreignInstall":true,"hasBinaryComponents":true,"strictCompatibility":false,"locales":[],"targetApplications":[{"id":"{ec8030f7-c20a-464f-9b0e-13a3a9e97384}","minVersion":"3.0","maxVersion":"15.0.*"}],"targetPlatforms":[],"multiprocessCompatible":false,"signedState":0,"seen":true}
1474098060611	DeferredSave.extensions.json	DEBUG	Save changes
1474098060611	addons.xpi	DEBUG	Updating database with changes to installed add-ons
1474098060611	addons.xpi-utils	DEBUG	Updating add-on states
1474098060613	addons.xpi-utils	DEBUG	Writing add-ons list
1474098060619	addons.xpi	DEBUG	Registering manifest for C:\Program Files\Mozilla Firefox\browser\features\e10srollout@mozilla.org.xpi
1474098060620	addons.xpi	DEBUG	Calling bootstrap method startup on e10srollout@mozilla.org version 1.1
1474098060620	addons.xpi	DEBUG	Registering manifest for C:\Program Files\Mozilla Firefox\browser\features\firefox@getpocket.com.xpi
1474098060621	addons.xpi	DEBUG	Calling bootstrap method startup on firefox@getpocket.com version 1.0.4
1474098060622	addons.xpi	DEBUG	Registering manifest for C:\Program Files\Mozilla Firefox\browser\features\loop@mozilla.org.xpi
1474098060623	addons.xpi	DEBUG	Calling bootstrap method startup on loop@mozilla.org version 1.4.4
1474098060649	addons.manager	DEBUG	Registering shutdown blocker for XPIProvider
1474098060649	addons.manager	DEBUG	Provider finished startup: XPIProvider
1474098060649	addons.manager	DEBUG	Starting provider: LightweightThemeManager
1474098060650	addons.manager	DEBUG	Registering shutdown blocker for LightweightThemeManager
1474098060650	addons.manager	DEBUG	Provider finished startup: LightweightThemeManager
1474098060650	addons.manager	DEBUG	Starting provider: GMPProvider
1474098060659	addons.manager	DEBUG	Registering shutdown blocker for GMPProvider
1474098060659	addons.manager	DEBUG	Provider finished startup: GMPProvider
1474098060659	addons.manager	DEBUG	Starting provider: PluginProvider
1474098060660	addons.manager	DEBUG	Registering shutdown blocker for PluginProvider
1474098060660	addons.manager	DEBUG	Provider finished startup: PluginProvider
1474098060661	addons.manager	DEBUG	Completed startup sequence
1474098062269	addons.manager	DEBUG	Starting provider: <unnamed-provider>
1474098062269	addons.manager	DEBUG	Registering shutdown blocker for <unnamed-provider>
1474098062269	addons.manager	DEBUG	Provider finished startup: <unnamed-provider>
1474098062271	DeferredSave.extensions.json	DEBUG	Starting write
1474098062472	addons.repository	DEBUG	No addons.json found.
1474098062473	DeferredSave.addons.json	DEBUG	Save changes
1474098062478	DeferredSave.addons.json	DEBUG	Starting timer
1474098062532	addons.manager	DEBUG	Starting provider: PreviousExperimentProvider
1474098062532	addons.manager	DEBUG	Registering shutdown blocker for PreviousExperimentProvider
1474098062532	addons.manager	DEBUG	Provider finished startup: PreviousExperimentProvider
1474098062539	DeferredSave.extensions.json	DEBUG	Write succeeded
1474098062542	DeferredSave.addons.json	DEBUG	Starting write
1474098062745	DeferredSave.addons.json	DEBUG	Write succeeded

Build info: version: '2.47.1', revision: 'unknown', time: '2015-07-30 11:02:44'
System info: host: 'Sandeep', ip: '192.168.1.15', os.name: 'Windows 10', os.arch: 'x86', os.version: '10.0', java.version: '1.8.0_101'
Driver info: driver.version: FirefoxDriver
	at org.openqa.selenium.firefox.internal.NewProfileExtensionConnection.start(NewProfileExtensionConnection.java:134)
	at org.openqa.selenium.firefox.FirefoxDriver.startClient(FirefoxDriver.java:276)
	at org.openqa.selenium.remote.RemoteWebDriver.<init>(RemoteWebDriver.java:116)
	at org.openqa.selenium.firefox.FirefoxDriver.<init>(FirefoxDriver.java:221)
	at org.openqa.selenium.firefox.FirefoxDriver.<init>(FirefoxDriver.java:216)
	at org.openqa.selenium.firefox.FirefoxDriver.<init>(FirefoxDriver.java:212)
	at org.openqa.selenium.firefox.FirefoxDriver.<init>(FirefoxDriver.java:125)
	at com.learnautomation.selenium.DemoforMevan.login(DemoforMevan.java:19)
	at sun.reflect.NativeMethodAccessorImpl.invoke0(Native Method)
	at sun.reflect.NativeMethodAccessorImpl.invoke(Unknown Source)
	at sun.reflect.DelegatingMethodAccessorImpl.invoke(Unknown Source)
	at java.lang.reflect.Method.invoke(Unknown Source)
	at org.testng.internal.MethodInvocationHelper.invokeMethod(MethodInvocationHelper.java:80)
	at org.testng.internal.Invoker.invokeMethod(Invoker.java:714)
	at org.testng.internal.Invoker.invokeTestMethod(Invoker.java:901)
	at org.testng.internal.Invoker.invokeTestMethods(Invoker.java:1231)
	at org.testng.internal.TestMethodWorker.invokeTestMethods(TestMethodWorker.java:127)
	at org.testng.internal.TestMethodWorker.run(TestMethodWorker.java:111)
	at org.testng.TestRunner.privateRun(TestRunner.java:767)
	at org.testng.TestRunner.run(TestRunner.java:617)
	at org.testng.SuiteRunner.runTest(SuiteRunner.java:334)
	at org.testng.SuiteRunner.runSequentially(SuiteRunner.java:329)
	at org.testng.SuiteRunner.privateRun(SuiteRunner.java:291)
	at org.testng.SuiteRunner.run(SuiteRunner.java:240)
	at org.testng.SuiteRunnerWorker.runSuite(SuiteRunnerWorker.java:52)
	at org.testng.SuiteRunnerWorker.run(SuiteRunnerWorker.java:86)
	at org.testng.TestNG.runSuitesSequentially(TestNG.java:1198)
	at org.testng.TestNG.runSuitesLocally(TestNG.java:1123)
	at org.testng.TestNG.run(TestNG.java:1031)
	at org.testng.remote.AbstractRemoteTestNG.run(AbstractRemoteTestNG.java:126)
	at org.testng.remote.RemoteTestNG.initAndRun(RemoteTestNG.java:152)
	at org.testng.remote.RemoteTestNG.main(RemoteTestNG.java:57)
Caused by: org.openqa.selenium.firefox.NotConnectedException: Unable to connect to host 127.0.0.1 on port 7055 after 45000 ms. Firefox console output:
essCompatible":false,"signedState":2,"seen":true}
1474098060610	addons.xpi	DEBUG	Updating XPIState for {"id":"{9F17B1A2-7317-49ef-BCB7-7BB47BDE10F8}","syncGUID":"U3GAb2ZzLKag","location":"winreg-app-global","version":"11.50","type":"extension","internalName":null,"updateURL":null,"updateKey":null,"optionsURL":null,"optionsType":null,"aboutURL":null,"icons":{},"iconURL":null,"icon64URL":null,"defaultLocale":{"name":"Unified Functional Testing Extension","description":"Enables HP Unified Functional Testing to work with Firefox.","creator":"Hewlett-Packard Development Company, L.P.","homepageURL":null},"visible":false,"active":false,"userDisabled":true,"appDisabled":true,"descriptor":"C:\\Program Files\\HP\\Unified Functional Testing\\\\bin\\Mozilla\\Common","installDate":1471588680883,"updateDate":1471588680883,"applyBackgroundUpdates":1,"bootstrap":false,"skinnable":false,"size":26827179,"sourceURI":null,"releaseNotesURI":null,"softDisabled":false,"foreignInstall":true,"hasBinaryComponents":true,"strictCompatibility":false,"locales":[],"targetApplications":[{"id":"{ec8030f7-c20a-464f-9b0e-13a3a9e97384}","minVersion":"3.0","maxVersion":"15.0.*"}],"targetPlatforms":[],"multiprocessCompatible":false,"signedState":0,"seen":true}
1474098060611	DeferredSave.extensions.json	DEBUG	Save changes
1474098060611	addons.xpi	DEBUG	Updating database with changes to installed add-ons
1474098060611	addons.xpi-utils	DEBUG	Updating add-on states
1474098060613	addons.xpi-utils	DEBUG	Writing add-ons list
1474098060619	addons.xpi	DEBUG	Registering manifest for C:\Program Files\Mozilla Firefox\browser\features\e10srollout@mozilla.org.xpi
1474098060620	addons.xpi	DEBUG	Calling bootstrap method startup on e10srollout@mozilla.org version 1.1
1474098060620	addons.xpi	DEBUG	Registering manifest for C:\Program Files\Mozilla Firefox\browser\features\firefox@getpocket.com.xpi
1474098060621	addons.xpi	DEBUG	Calling bootstrap method startup on firefox@getpocket.com version 1.0.4
1474098060622	addons.xpi	DEBUG	Registering manifest for C:\Program Files\Mozilla Firefox\browser\features\loop@mozilla.org.xpi
1474098060623	addons.xpi	DEBUG	Calling bootstrap method startup on loop@mozilla.org version 1.4.4
1474098060649	addons.manager	DEBUG	Registering shutdown blocker for XPIProvider
1474098060649	addons.manager	DEBUG	Provider finished startup: XPIProvider
1474098060649	addons.manager	DEBUG	Starting provider: LightweightThemeManager
1474098060650	addons.manager	DEBUG	Registering shutdown blocker for LightweightThemeManager
1474098060650	addons.manager	DEBUG	Provider finished startup: LightweightThemeManager
1474098060650	addons.manager	DEBUG	Starting provider: GMPProvider
1474098060659	addons.manager	DEBUG	Registering shutdown blocker for GMPProvider
1474098060659	addons.manager	DEBUG	Provider finished startup: GMPProvider
1474098060659	addons.manager	DEBUG	Starting provider: PluginProvider
1474098060660	addons.manager	DEBUG	Registering shutdown blocker for PluginProvider
1474098060660	addons.manager	DEBUG	Provider finished startup: PluginProvider
1474098060661	addons.manager	DEBUG	Completed startup sequence
1474098062269	addons.manager	DEBUG	Starting provider: <unnamed-provider>
1474098062269	addons.manager	DEBUG	Registering shutdown blocker for <unnamed-provider>
1474098062269	addons.manager	DEBUG	Provider finished startup: <unnamed-provider>
1474098062271	DeferredSave.extensions.json	DEBUG	Starting write
1474098062472	addons.repository	DEBUG	No addons.json found.
1474098062473	DeferredSave.addons.json	DEBUG	Save changes
1474098062478	DeferredSave.addons.json	DEBUG	Starting timer
1474098062532	addons.manager	DEBUG	Starting provider: PreviousExperimentProvider
1474098062532	addons.manager	DEBUG	Registering shutdown blocker for PreviousExperimentProvider
1474098062532	addons.manager	DEBUG	Provider finished startup: PreviousExperimentProvider
1474098062539	DeferredSave.extensions.json	DEBUG	Write succeeded
1474098062542	DeferredSave.addons.json	DEBUG	Starting write
1474098062745	DeferredSave.addons.json	DEBUG	Write succeeded

	at org.openqa.selenium.firefox.internal.NewProfileExtensionConnection.start(NewProfileExtensionConnection.java:122)
	... 31 more
]]>
            </full-stacktrace>
          </exception> <!-- org.openqa.selenium.WebDriverException -->
          <reporter-output>
          </reporter-output>
        </test-method> <!-- login -->
      </class> <!-- com.learnautomation.selenium.DemoforMevan -->
    </test> <!-- Default test -->
  </suite> <!-- Default suite -->
</testng-results>
